\BOOKMARK [1][-]{section*.2}{\376\377\000L\000o\000g\000i\000k}{}% 1
\BOOKMARK [1][-]{section*.3}{\376\377\000M\000e\000n\000g\000e\000n}{}% 2
\BOOKMARK [1][-]{section*.4}{\376\377\000B\000o\000o\000l\000i\000s\000c\000h\000e\000\040\000A\000l\000g\000e\000b\000r\000a}{}% 3
\BOOKMARK [1][-]{section*.5}{\376\377\000R\000e\000l\000a\000t\000i\000o\000n\000e\000n}{}% 4
\BOOKMARK [2][-]{section*.6}{\376\377\000\304\000q\000u\000i\000v\000a\000l\000e\000n\000z\000r\000e\000l\000a\000t\000i\000o\000n\000e\000n}{section*.5}% 5
\BOOKMARK [2][-]{section*.7}{\376\377\000O\000r\000d\000n\000u\000n\000g\000s\000r\000e\000l\000a\000t\000i\000o\000n\000e\000n}{section*.5}% 6
\BOOKMARK [2][-]{section*.8}{\376\377\000H\000\374\000l\000l\000e\000n}{section*.5}% 7
\BOOKMARK [1][-]{section*.9}{\376\377\000A\000b\000b\000i\000l\000d\000u\000n\000g\000e\000n}{}% 8
\BOOKMARK [1][-]{section*.10}{\376\377\000Z\000a\000h\000l\000e\000n\000s\000y\000s\000t\000e\000m\000e}{}% 9
\BOOKMARK [2][-]{section*.11}{\376\377\000B\000i\000n\000\344\000r\000s\000y\000s\000t\000e\000m}{section*.10}% 10
\BOOKMARK [3][-]{section*.12}{\376\377\000C\000a\000r\000r\000y\000-\000F\000l\000a\000g}{section*.11}% 11
\BOOKMARK [3][-]{section*.13}{\376\377\000Z\000w\000e\000i\000e\000r\000k\000o\000m\000p\000l\000e\000m\000e\000n\000t}{section*.11}% 12
\BOOKMARK [2][-]{section*.14}{\376\377\000H\000e\000x\000a\000d\000e\000z\000i\000m\000a\000l\000s\000y\000s\000t\000e\000m}{section*.10}% 13
\BOOKMARK [2][-]{section*.15}{\376\377\000O\000k\000t\000a\000l\000s\000y\000s\000t\000e\000m}{section*.10}% 14
\BOOKMARK [2][-]{section*.16}{\376\377\000F\000e\000s\000t\000k\000o\000m\000m\000a\000z\000a\000h\000l\000e\000n}{section*.10}% 15
\BOOKMARK [2][-]{section*.17}{\376\377\000G\000l\000e\000i\000t\000k\000o\000m\000m\000a\000z\000a\000h\000l\000e\000n\000:\000\040\000I\000E\000E\000E\000\040\0007\0005\0004}{section*.10}% 16
\BOOKMARK [3][-]{section*.18}{\376\377\000A\000u\000f\000b\000a\000u}{section*.17}% 17
\BOOKMARK [3][-]{section*.19}{\376\377\000D\000e\000z\000i\000m\000a\000l\000\040\000z\000u\000\040\000I\000E\000E\000E\000\040\0007\0005\0004}{section*.17}% 18
\BOOKMARK [3][-]{section*.20}{\376\377\000I\000E\000E\000E\000\040\0007\0005\0004\000\040\000z\000u\000\040\000D\000e\000z\000i\000m\000a\000l}{section*.17}% 19
\BOOKMARK [1][-]{section*.21}{\376\377\000F\000e\000h\000l\000e\000r\000e\000r\000k\000e\000n\000n\000u\000n\000g}{}% 20
\BOOKMARK [2][-]{section*.22}{\376\377\000R\000e\000d\000u\000n\000d\000a\000n\000z\000e\000n}{section*.21}% 21
\BOOKMARK [2][-]{section*.23}{\376\377\000H\000a\000m\000m\000i\000n\000g\000-\000D\000i\000s\000t\000a\000n\000z}{section*.21}% 22
\BOOKMARK [2][-]{section*.24}{\376\377\000P\000a\000r\000i\000t\000\344\000t}{section*.21}% 23
\BOOKMARK [2][-]{section*.25}{\376\377\000Z\000w\000e\000i\000d\000i\000m\000e\000n\000s\000i\000o\000n\000a\000l\000e\000\040\000P\000a\000r\000i\000t\000\344\000t}{section*.21}% 24
\BOOKMARK [2][-]{section*.26}{\376\377\000H\000a\000m\000m\000i\000n\000g\000-\000C\000o\000d\000e}{section*.21}% 25
\BOOKMARK [3][-]{section*.27}{\376\377\000B\000e\000r\000e\000c\000h\000n\000u\000n\000g\000\040\000d\000e\000r\000\040\000P\000r\000\374\000f\000b\000i\000t\000s}{section*.26}% 26
\BOOKMARK [1][-]{section*.28}{\376\377\000S\000u\000m\000m\000e\000n\000z\000e\000i\000c\000h\000e\000n\000\040\000u\000n\000d\000\040\000P\000r\000o\000d\000u\000k\000t\000z\000e\000i\000c\000h\000e\000n}{}% 27
\BOOKMARK [2][-]{section*.29}{\376\377\000S\000u\000m\000m\000e\000n\000z\000e\000i\000c\000h\000e\000n}{section*.28}% 28
\BOOKMARK [2][-]{section*.30}{\376\377\000P\000r\000o\000d\000u\000k\000t\000z\000e\000i\000c\000h\000e\000n}{section*.28}% 29
\BOOKMARK [1][-]{section*.31}{\376\377\000R\000e\000c\000h\000e\000n\000r\000e\000g\000e\000l\000n}{}% 30
\BOOKMARK [2][-]{section*.32}{\376\377\000B\000r\000u\000c\000h\000r\000e\000g\000e\000l\000n}{section*.31}% 31
\BOOKMARK [2][-]{section*.33}{\376\377\000P\000o\000t\000e\000n\000z\000g\000e\000s\000e\000t\000z\000e}{section*.31}% 32
\BOOKMARK [2][-]{section*.34}{\376\377\000W\000u\000r\000z\000e\000l\000g\000e\000s\000e\000t\000z\000e}{section*.31}% 33
\BOOKMARK [2][-]{section*.35}{\376\377\000L\000o\000g\000a\000r\000i\000t\000h\000m\000e\000n\000g\000e\000s\000e\000t\000z\000e}{section*.31}% 34
\BOOKMARK [1][-]{section*.36}{\376\377\000T\000r\000i\000g\000o\000n\000o\000m\000e\000t\000r\000i\000e}{}% 35
\BOOKMARK [2][-]{section*.37}{\376\377\000B\000o\000g\000e\000n\000m\000a\000\337}{section*.36}% 36
